[33m[1mCMake Warning[0m at /opt/ros/kinetic/share/catkin/cmake/catkinConfig.cmake:76 (find_package):
  Could not find a package configuration file provided by "gazebo_dev" with
  any of the following names:

    gazebo_devConfig.cmake
    gazebo_dev-config.cmake

  Add the installation prefix of "gazebo_dev" to CMAKE_PREFIX_PATH or set
  "gazebo_dev_DIR" to a directory containing one of the above files.  If
  "gazebo_dev" provides a separate development package or SDK, be sure it has
  been installed.
[36mCall Stack (most recent call first):[0m
  CMakeLists.txt:11 (find_package)


[31m[1mCMake Error[0m at /opt/ros/kinetic/share/catkin/cmake/catkinConfig.cmake:83 (find_package):
  Could not find a package configuration file provided by "gazebo_dev" with
  any of the following names:

    gazebo_devConfig.cmake
    gazebo_dev-config.cmake

  Add the installation prefix of "gazebo_dev" to CMAKE_PREFIX_PATH or set
  "gazebo_dev_DIR" to a directory containing one of the above files.  If
  "gazebo_dev" provides a separate development package or SDK, be sure it has
  been installed.
[36mCall Stack (most recent call first):[0m
  CMakeLists.txt:11 (find_package)


