Determining if the pthread_create exist failed with the following output:
Change Dir: /home/mgehrig2/VT2/Software/catkin_ws/build/catkin_tools_prebuild/CMakeFiles/CMakeTmp

Run Build Command:"/usr/bin/make" "cmTC_18746/fast"
/usr/bin/make -f CMakeFiles/cmTC_18746.dir/build.make CMakeFiles/cmTC_18746.dir/build
make[1]: Entering directory '/home/mgehrig2/VT2/Software/catkin_ws/build/catkin_tools_prebuild/CMakeFiles/CMakeTmp'
Building C object CMakeFiles/cmTC_18746.dir/CheckSymbolExists.c.o
/usr/bin/cc     -o CMakeFiles/cmTC_18746.dir/CheckSymbolExists.c.o   -c /home/mgehrig2/VT2/Software/catkin_ws/build/catkin_tools_prebuild/CMakeFiles/CMakeTmp/CheckSymbolExists.c
Linking C executable cmTC_18746
/usr/bin/cmake -E cmake_link_script CMakeFiles/cmTC_18746.dir/link.txt --verbose=1
/usr/bin/cc       CMakeFiles/cmTC_18746.dir/CheckSymbolExists.c.o  -o cmTC_18746 -rdynamic 
CMakeFiles/cmTC_18746.dir/CheckSymbolExists.c.o: In function `main':
CheckSymbolExists.c:(.text+0x16): undefined reference to `pthread_create'
collect2: error: ld returned 1 exit status
CMakeFiles/cmTC_18746.dir/build.make:97: recipe for target 'cmTC_18746' failed
make[1]: *** [cmTC_18746] Error 1
make[1]: Leaving directory '/home/mgehrig2/VT2/Software/catkin_ws/build/catkin_tools_prebuild/CMakeFiles/CMakeTmp'
Makefile:126: recipe for target 'cmTC_18746/fast' failed
make: *** [cmTC_18746/fast] Error 2

File /home/mgehrig2/VT2/Software/catkin_ws/build/catkin_tools_prebuild/CMakeFiles/CMakeTmp/CheckSymbolExists.c:
/* */
#include <pthread.h>

int main(int argc, char** argv)
{
  (void)argv;
#ifndef pthread_create
  return ((int*)(&pthread_create))[argc];
#else
  (void)argc;
  return 0;
#endif
}

Determining if the function pthread_create exists in the pthreads failed with the following output:
Change Dir: /home/mgehrig2/VT2/Software/catkin_ws/build/catkin_tools_prebuild/CMakeFiles/CMakeTmp

Run Build Command:"/usr/bin/make" "cmTC_1460c/fast"
/usr/bin/make -f CMakeFiles/cmTC_1460c.dir/build.make CMakeFiles/cmTC_1460c.dir/build
make[1]: Entering directory '/home/mgehrig2/VT2/Software/catkin_ws/build/catkin_tools_prebuild/CMakeFiles/CMakeTmp'
Building C object CMakeFiles/cmTC_1460c.dir/CheckFunctionExists.c.o
/usr/bin/cc    -DCHECK_FUNCTION_EXISTS=pthread_create   -o CMakeFiles/cmTC_1460c.dir/CheckFunctionExists.c.o   -c /usr/share/cmake-3.5/Modules/CheckFunctionExists.c
Linking C executable cmTC_1460c
/usr/bin/cmake -E cmake_link_script CMakeFiles/cmTC_1460c.dir/link.txt --verbose=1
/usr/bin/cc   -DCHECK_FUNCTION_EXISTS=pthread_create    CMakeFiles/cmTC_1460c.dir/CheckFunctionExists.c.o  -o cmTC_1460c -rdynamic -lpthreads 
/usr/bin/ld: cannot find -lpthreads
collect2: error: ld returned 1 exit status
CMakeFiles/cmTC_1460c.dir/build.make:97: recipe for target 'cmTC_1460c' failed
make[1]: *** [cmTC_1460c] Error 1
make[1]: Leaving directory '/home/mgehrig2/VT2/Software/catkin_ws/build/catkin_tools_prebuild/CMakeFiles/CMakeTmp'
Makefile:126: recipe for target 'cmTC_1460c/fast' failed
make: *** [cmTC_1460c/fast] Error 2


