[35m[1mScanning dependencies of target std_msgs_generate_messages_cpp[0m
[35m[1mScanning dependencies of target std_msgs_generate_messages_lisp[0m
[35m[1mScanning dependencies of target _eeros_msgs_generate_messages_check_deps_float64_header[0m
[35m[1mScanning dependencies of target std_msgs_generate_messages_nodejs[0m
[  0%] Built target std_msgs_generate_messages_cpp
[  0%] Built target std_msgs_generate_messages_nodejs
[  0%] Built target std_msgs_generate_messages_lisp
[35m[1mScanning dependencies of target std_msgs_generate_messages_eus[0m
[35m[1mScanning dependencies of target std_msgs_generate_messages_py[0m
[  0%] Built target std_msgs_generate_messages_eus
[  0%] Built target std_msgs_generate_messages_py
[  0%] Built target _eeros_msgs_generate_messages_check_deps_float64_header
[35m[1mScanning dependencies of target eeros_msgs_generate_messages_nodejs[0m
[35m[1mScanning dependencies of target eeros_msgs_generate_messages_lisp[0m
[35m[1mScanning dependencies of target eeros_msgs_generate_messages_cpp[0m
[35m[1mScanning dependencies of target eeros_msgs_generate_messages_eus[0m
[ 14%] [34m[1mGenerating Javascript code from eeros_msgs/float64_header.msg[0m
[ 28%] [34m[1mGenerating Lisp code from eeros_msgs/float64_header.msg[0m
[ 42%] [34m[1mGenerating C++ code from eeros_msgs/float64_header.msg[0m
[ 57%] [34m[1mGenerating EusLisp code from eeros_msgs/float64_header.msg[0m
[ 57%] Built target eeros_msgs_generate_messages_nodejs
[ 57%] Built target eeros_msgs_generate_messages_lisp
[ 71%] [34m[1mGenerating EusLisp manifest code for eeros_msgs[0m
[35m[1mScanning dependencies of target eeros_msgs_generate_messages_py[0m
[ 85%] [34m[1mGenerating Python from MSG eeros_msgs/float64_header[0m
[100%] [34m[1mGenerating Python msg __init__.py for eeros_msgs[0m
[100%] Built target eeros_msgs_generate_messages_cpp
[100%] Built target eeros_msgs_generate_messages_py
[100%] Built target eeros_msgs_generate_messages_eus
[35m[1mScanning dependencies of target eeros_msgs_generate_messages[0m
[100%] Built target eeros_msgs_generate_messages
