Determining if the pthread_create exist failed with the following output:
Change Dir: /home/mgehrig2/VT2/Software/catkin_ws/build/gazebo_ros_joint_force/CMakeFiles/CMakeTmp

Run Build Command:"/usr/bin/make" "cmTC_425d3/fast"
/usr/bin/make -f CMakeFiles/cmTC_425d3.dir/build.make CMakeFiles/cmTC_425d3.dir/build
make[1]: Entering directory '/home/mgehrig2/VT2/Software/catkin_ws/build/gazebo_ros_joint_force/CMakeFiles/CMakeTmp'
Building C object CMakeFiles/cmTC_425d3.dir/CheckSymbolExists.c.o
/usr/bin/cc     -o CMakeFiles/cmTC_425d3.dir/CheckSymbolExists.c.o   -c /home/mgehrig2/VT2/Software/catkin_ws/build/gazebo_ros_joint_force/CMakeFiles/CMakeTmp/CheckSymbolExists.c
Linking C executable cmTC_425d3
/usr/bin/cmake -E cmake_link_script CMakeFiles/cmTC_425d3.dir/link.txt --verbose=1
/usr/bin/cc       CMakeFiles/cmTC_425d3.dir/CheckSymbolExists.c.o  -o cmTC_425d3 -rdynamic 
CMakeFiles/cmTC_425d3.dir/CheckSymbolExists.c.o: In function `main':
CheckSymbolExists.c:(.text+0x16): undefined reference to `pthread_create'
collect2: error: ld returned 1 exit status
CMakeFiles/cmTC_425d3.dir/build.make:97: recipe for target 'cmTC_425d3' failed
make[1]: *** [cmTC_425d3] Error 1
make[1]: Leaving directory '/home/mgehrig2/VT2/Software/catkin_ws/build/gazebo_ros_joint_force/CMakeFiles/CMakeTmp'
Makefile:126: recipe for target 'cmTC_425d3/fast' failed
make: *** [cmTC_425d3/fast] Error 2

File /home/mgehrig2/VT2/Software/catkin_ws/build/gazebo_ros_joint_force/CMakeFiles/CMakeTmp/CheckSymbolExists.c:
/* */
#include <pthread.h>

int main(int argc, char** argv)
{
  (void)argv;
#ifndef pthread_create
  return ((int*)(&pthread_create))[argc];
#else
  (void)argc;
  return 0;
#endif
}

Determining if the function pthread_create exists in the pthreads failed with the following output:
Change Dir: /home/mgehrig2/VT2/Software/catkin_ws/build/gazebo_ros_joint_force/CMakeFiles/CMakeTmp

Run Build Command:"/usr/bin/make" "cmTC_104fd/fast"
/usr/bin/make -f CMakeFiles/cmTC_104fd.dir/build.make CMakeFiles/cmTC_104fd.dir/build
make[1]: Entering directory '/home/mgehrig2/VT2/Software/catkin_ws/build/gazebo_ros_joint_force/CMakeFiles/CMakeTmp'
Building C object CMakeFiles/cmTC_104fd.dir/CheckFunctionExists.c.o
/usr/bin/cc    -DCHECK_FUNCTION_EXISTS=pthread_create   -o CMakeFiles/cmTC_104fd.dir/CheckFunctionExists.c.o   -c /usr/share/cmake-3.5/Modules/CheckFunctionExists.c
Linking C executable cmTC_104fd
/usr/bin/cmake -E cmake_link_script CMakeFiles/cmTC_104fd.dir/link.txt --verbose=1
/usr/bin/cc   -DCHECK_FUNCTION_EXISTS=pthread_create    CMakeFiles/cmTC_104fd.dir/CheckFunctionExists.c.o  -o cmTC_104fd -rdynamic -lpthreads 
/usr/bin/ld: cannot find -lpthreads
collect2: error: ld returned 1 exit status
CMakeFiles/cmTC_104fd.dir/build.make:97: recipe for target 'cmTC_104fd' failed
make[1]: *** [cmTC_104fd] Error 1
make[1]: Leaving directory '/home/mgehrig2/VT2/Software/catkin_ws/build/gazebo_ros_joint_force/CMakeFiles/CMakeTmp'
Makefile:126: recipe for target 'cmTC_104fd/fast' failed
make: *** [cmTC_104fd/fast] Error 2


